\BOOKMARK [1][-]{section.1}{\376\377\156\220\170\001\155\113\213\325}{}% 1
\BOOKMARK [2][-]{subsection.1.1}{\376\377\226\217\147\072\155\113\213\325}{section.1}% 2
\BOOKMARK [2][-]{subsection.1.2}{\376\377\123\330\137\002\155\113\213\325}{section.1}% 3
\BOOKMARK [2][-]{subsection.1.3}{\376\377\135\356\122\006\155\113\213\325}{section.1}% 4
\BOOKMARK [2][-]{subsection.1.4}{\376\377\207\025\123\330\155\113\213\325}{section.1}% 5
\BOOKMARK [2][-]{subsection.1.5}{\376\377\155\113\213\325\165\050\117\213\117\030\121\110\176\247\000\050\000T\000C\000P\000\051}{section.1}% 6
\BOOKMARK [3][-]{subsubsection.1.5.1}{\376\377\127\372\116\216\215\052\137\303\166\204\000T\000C\000P\173\126\165\145}{subsection.1.5}% 7
\BOOKMARK [3][-]{subsubsection.1.5.2}{\376\377\127\372\116\216\166\370\117\074\140\047\166\204\000T\000C\000P\173\126\165\145}{subsection.1.5}% 8
\BOOKMARK [3][-]{subsubsection.1.5.3}{\376\377\127\372\116\216\144\034\175\042\166\204\000T\000C\000P\173\126\165\145}{subsection.1.5}% 9
\BOOKMARK [3][-]{subsubsection.1.5.4}{\376\377\127\372\116\216\147\072\126\150\133\146\116\140\166\204\000T\000C\000P\173\126\165\145}{subsection.1.5}% 10
\BOOKMARK [3][-]{subsubsection.1.5.5}{\376\377\000A\000P\000F\000D\213\241\173\227}{subsection.1.5}% 11
\BOOKMARK [2][-]{subsection.1.6}{\376\377\155\113\213\325\165\050\117\213\220\011\142\351\000\050\000T\000C\000S\000\051}{section.1}% 12
\BOOKMARK [2][-]{subsection.1.7}{\376\377\127\372\116\216\172\013\136\217\122\006\147\220\166\204\155\113\213\325\220\011\142\351}{section.1}% 13
\BOOKMARK [2][-]{subsection.1.8}{\376\377\000T\000C\000P\124\214\000T\000C\000S\166\204\133\371\153\324}{section.1}% 14
\BOOKMARK [1][-]{section.2}{\376\377\127\372\116\216\126\376\120\317\164\006\211\343\166\204\171\373\122\250\136\224\165\050\201\352\122\250\123\026\155\113\213\325}{}% 15
\BOOKMARK [2][-]{subsection.2.1}{\376\377\201\032\147\054\137\125\122\066\116\016\126\336\145\076\166\204\127\372\147\054\150\106\147\266}{section.2}% 16
\BOOKMARK [2][-]{subsection.2.2}{\376\377\215\350\136\163\123\360\166\204\201\032\147\054\176\323\147\204}{section.2}% 17
\BOOKMARK [2][-]{subsection.2.3}{\376\377\201\032\147\054\166\204\126\336\145\076}{section.2}% 18
\BOOKMARK [3][-]{subsubsection.2.3.1}{\376\377\126\376\120\317\162\171\137\201\153\324\133\371}{subsection.2.3}% 19
\BOOKMARK [3][-]{subsubsection.2.3.2}{\376\377\136\003\134\100\122\073\165\073}{subsection.2.3}% 20
\BOOKMARK [3][-]{subsubsection.2.3.3}{\376\377\127\120\150\007\150\041\153\143}{subsection.2.3}% 21
\BOOKMARK [1][-]{section.3}{\376\377\127\372\116\216\177\244\146\172\123\117\124\014\166\204\117\027\123\005\155\113\213\325}{}% 22
\BOOKMARK [2][-]{subsection.3.1}{\376\377\117\027\123\005\155\113\213\325\155\101\172\013}{section.3}% 23
\BOOKMARK [2][-]{subsection.3.2}{\376\377\117\027\123\005\155\113\213\325\166\204\162\171\160\271}{section.3}% 24
\BOOKMARK [2][-]{subsection.3.3}{\376\377\133\371\116\216\117\027\123\005\155\113\213\325\133\130\127\050\166\204\225\356\230\230\166\204\211\343\121\263}{section.3}% 25
\BOOKMARK [1][-]{section.4}{\376\377\000A\000I\155\113\213\325\151\202\217\360}{}% 26
\BOOKMARK [2][-]{subsection.4.1}{\376\377\146\172\200\375\217\157\116\366\124\214\117\040\176\337\217\157\116\366\166\204\123\072\122\053}{section.4}% 27
\BOOKMARK [2][-]{subsection.4.2}{\376\377\000A\000I\155\113\213\325\166\204\226\276\160\271}{section.4}% 28
\BOOKMARK [2][-]{subsection.4.3}{\376\377\126\376\120\317\142\151\130\236}{section.4}% 29
\BOOKMARK [2][-]{subsection.4.4}{\376\377\145\207\147\054\142\151\130\236}{section.4}% 30
\BOOKMARK [2][-]{subsection.4.5}{\376\377\121\154\136\163\140\047}{section.4}% 31
\BOOKMARK [2][-]{subsection.4.6}{\376\377\124\016\225\350\145\073\121\373}{section.4}% 32
\BOOKMARK [1][-]{section.5}{\376\377\152\041\174\312\155\113\213\325}{}% 33
\BOOKMARK [2][-]{subsection.5.1}{\376\377\152\041\174\312\155\113\213\325\166\204\200\314\146\157\116\016\143\320\121\372}{section.5}% 34
\BOOKMARK [2][-]{subsection.5.2}{\376\377\152\041\174\312\155\113\213\325\150\106\147\266}{section.5}% 35
\BOOKMARK [2][-]{subsection.5.3}{\376\377\127\372\116\216\160\160\166\322\166\204\152\041\174\312\155\113\213\325\155\101\172\013}{section.5}% 36
\BOOKMARK [2][-]{subsection.5.4}{\376\377\173\227\133\120\135\356\122\006\152\041\174\312\155\113\213\325}{section.5}% 37
